<?xml version="1.0" encoding="UTF-8"?>
<!-- Generated by org.testng.reporters.JUnitReportReporter -->
<testsuite hostname="VenkatalamsAir2.attlocal.net" failures="0" tests="5" name="testrunners.MyTestRunner" time="9.620" errors="0" timestamp="2023-09-28T15:42:56 EDT" skipped="0">
  <testcase classname="testrunners.MyTestRunner" name="runScenario" time="0.319"/>
  <system-out/>
  <testcase classname="testrunners.MyTestRunner" name="runScenario" time="1.019"/>
  <system-out/>
  <testcase classname="testrunners.MyTestRunner" name="runScenario" time="2.685"/>
  <system-out/>
  <testcase classname="testrunners.MyTestRunner" name="runScenario" time="4.692"/>
  <system-out/>
  <testcase classname="testrunners.MyTestRunner" name="runScenario" time="0.905"/>
  <system-out/>
</testsuite> <!-- testrunners.MyTestRunner -->
