<?xml version="1.0" encoding="UTF-8"?>
<!-- Generated by org.testng.reporters.JUnitReportReporter -->
<testsuite hostname="VenkatalamsAir2.attlocal.net" failures="0" tests="5" name="testrunners.MyTestRunner" time="8.264" errors="0" timestamp="2023-09-19T15:44:02 EDT" skipped="0">
  <testcase classname="testrunners.MyTestRunner" name="runScenario" time="0.334"/>
  <system-out/>
  <testcase classname="testrunners.MyTestRunner" name="runScenario" time="1.092"/>
  <system-out/>
  <testcase classname="testrunners.MyTestRunner" name="runScenario" time="1.258"/>
  <system-out/>
  <testcase classname="testrunners.MyTestRunner" name="runScenario" time="3.681"/>
  <system-out/>
  <testcase classname="testrunners.MyTestRunner" name="runScenario" time="1.899"/>
  <system-out/>
</testsuite> <!-- testrunners.MyTestRunner -->
