<?xml version="1.0" encoding="UTF-8"?>
<!-- Generated by org.testng.reporters.JUnitReportReporter -->
<testsuite hostname="VenkatalamsAir2.attlocal.net" failures="0" tests="5" name="testrunners.MyTestRunner" time="8.629" errors="0" timestamp="2023-09-28T15:23:25 EDT" skipped="0">
  <testcase classname="testrunners.MyTestRunner" name="runScenario" time="0.855"/>
  <system-out/>
  <testcase classname="testrunners.MyTestRunner" name="runScenario" time="4.475"/>
  <system-out/>
  <testcase classname="testrunners.MyTestRunner" name="runScenario" time="0.350"/>
  <system-out/>
  <testcase classname="testrunners.MyTestRunner" name="runScenario" time="1.919"/>
  <system-out/>
  <testcase classname="testrunners.MyTestRunner" name="runScenario" time="1.030"/>
  <system-out/>
</testsuite> <!-- testrunners.MyTestRunner -->
