<?xml version="1.0" encoding="UTF-8"?>
<!-- Generated by org.testng.reporters.JUnitReportReporter -->
<testsuite hostname="VenkatalamsAir2.attlocal.net" failures="0" tests="5" name="testrunners.MyTestRunner" time="7.449" errors="0" timestamp="2023-09-19T20:52:58 EDT" skipped="0">
  <testcase classname="testrunners.MyTestRunner" name="runScenario" time="0.885"/>
  <system-out/>
  <testcase classname="testrunners.MyTestRunner" name="runScenario" time="1.701"/>
  <system-out/>
  <testcase classname="testrunners.MyTestRunner" name="runScenario" time="0.896"/>
  <system-out/>
  <testcase classname="testrunners.MyTestRunner" name="runScenario" time="3.666"/>
  <system-out/>
  <testcase classname="testrunners.MyTestRunner" name="runScenario" time="0.301"/>
  <system-out/>
</testsuite> <!-- testrunners.MyTestRunner -->
