<?xml version="1.0" encoding="UTF-8"?>
<!-- Generated by org.testng.reporters.JUnitReportReporter -->
<testsuite hostname="VenkatalamsAir2.attlocal.net" failures="0" tests="5" name="testrunners.MyTestRunner" time="7.128" errors="0" timestamp="2023-09-28T17:36:17 EDT" skipped="0">
  <testcase classname="testrunners.MyTestRunner" name="runScenario" time="0.761"/>
  <system-out/>
  <testcase classname="testrunners.MyTestRunner" name="runScenario" time="1.715"/>
  <system-out/>
  <testcase classname="testrunners.MyTestRunner" name="runScenario" time="0.277"/>
  <system-out/>
  <testcase classname="testrunners.MyTestRunner" name="runScenario" time="3.557"/>
  <system-out/>
  <testcase classname="testrunners.MyTestRunner" name="runScenario" time="0.818"/>
  <system-out/>
</testsuite> <!-- testrunners.MyTestRunner -->
